<?xml version="1.0" encoding="UTF-8"?>
<testng-results skipped="0" failed="0" ignored="0" total="1" passed="1">
  <reporter-output>
  </reporter-output>
  <suite name="Suite" duration-ms="53" started-at="2018-04-07T15:04:59Z" finished-at="2018-04-07T15:04:59Z">
    <groups>
    </groups>
    <test name="Test0407" duration-ms="53" started-at="2018-04-07T15:04:59Z" finished-at="2018-04-07T15:04:59Z">
      <class name="newTestMaven.MavenTest">
        <test-method status="PASS" signature="beforeTest()[pri:0, instance:newTestMaven.MavenTest@27efef64]" name="beforeTest" is-config="true" duration-ms="18" started-at="2018-04-07T20:34:59Z" finished-at="2018-04-07T20:34:59Z">
          <reporter-output>
          </reporter-output>
        </test-method> <!-- beforeTest -->
        <test-method status="PASS" signature="f()[pri:0, instance:newTestMaven.MavenTest@27efef64]" name="f" duration-ms="17" started-at="2018-04-07T20:34:59Z" finished-at="2018-04-07T20:34:59Z">
          <reporter-output>
          </reporter-output>
        </test-method> <!-- f -->
        <test-method status="PASS" signature="afterTest()[pri:0, instance:newTestMaven.MavenTest@27efef64]" name="afterTest" is-config="true" duration-ms="0" started-at="2018-04-07T20:34:59Z" finished-at="2018-04-07T20:34:59Z">
          <reporter-output>
          </reporter-output>
        </test-method> <!-- afterTest -->
      </class> <!-- newTestMaven.MavenTest -->
    </test> <!-- Test0407 -->
  </suite> <!-- Suite -->
</testng-results>
